********************************************************************************
product = Open Liberty 22.0.0.3 (wlp-1.0.62.cl220320220302-1100)
wlp.install.dir = /home/kauana/code/ex1/target/liberty/wlp/
java.home = /usr/lib/jvm/java-11-openjdk-amd64
java.version = 11.0.14
java.runtime = OpenJDK Runtime Environment (11.0.14+9-Ubuntu-0ubuntu2.22.10)
os = Linux (5.13.0-37-generic; amd64) (pt_BR)
process = 40731@kauana-340XAA-350XAA-550XAA
Classpath = /home/kauana/code/ex1/target/liberty/wlp/bin/tools/ws-server.jar
Java Library path = /usr/java/packages/lib:/usr/lib/x86_64-linux-gnu/jni:/lib/x86_64-linux-gnu:/usr/lib/x86_64-linux-gnu:/usr/lib/jni:/lib:/usr/lib
********************************************************************************
[22/03/2022 20:06:44:250 BRT] 00000001 com.ibm.ws.kernel.launch.internal.FrameworkManager           A CWWKE0001I: O servidor ex1 foi ativado.
[22/03/2022 20:06:47:380 BRT] 00000001 com.ibm.ws.kernel.launch.internal.FrameworkManager           I CWWKE0002I: O kernel foi iniciado após 3,928 segundos
[22/03/2022 20:06:47:409 BRT] 00000023 com.ibm.ws.kernel.feature.internal.FeatureManager            I CWWKF0007I: Atualização do recurso iniciada.
[22/03/2022 20:06:48:104 BRT] 00000018 .apache.cxf.cxf.core.3.2:1.0.62.cl220320220302-1100(id=103)] I Aries Blueprint packages not available. So namespaces will not be registered
[22/03/2022 20:06:48:107 BRT] 00000017 .apache.cxf.cxf.core.3.2:1.0.62.cl220320220302-1100(id=103)] I Aries Blueprint packages not available. So namespaces will not be registered
[22/03/2022 20:06:48:333 BRT] 00000016 com.ibm.ws.security.ready.internal.SecurityReadyServiceImpl  I CWWKS0007I: O serviço de segurança está iniciando...
[22/03/2022 20:06:48:928 BRT] 00000017 com.ibm.ws.app.manager.internal.monitor.DropinMonitor        A CWWKZ0058I: Monitorando dropins para aplicativos.
[22/03/2022 20:06:50:589 BRT] 00000018 rty.security.mp.jwt.v12.config.impl.MpConfigProxyServiceImpl I CWWKS5780I: O MicroProfile JWT versão 1.2 mpConfigProxy foi processado com sucesso.
[22/03/2022 20:06:50:612 BRT] 00000018 .ws.security.mp.jwt.v11.config.impl.MpConfigProxyServiceImpl I CWWKS5775I: O mpConfigProxy do MicroProfile JWT versão 1.1 foi processado com sucesso.
[22/03/2022 20:06:50:621 BRT] 00000017 com.ibm.ws.cache.ServerCache                                 I DYNA1001I: A instância de Cache Dinâmico do WebSphere denominada baseCache foi inicializada com êxito.
[22/03/2022 20:06:50:643 BRT] 00000017 com.ibm.ws.cache.ServerCache                                 I DYNA1071I: O provedor de cache default está sendo usado.
[22/03/2022 20:06:50:644 BRT] 00000017 com.ibm.ws.cache.CacheServiceImpl                            I DYNA1056I: Cache Dinâmico (cache de objeto) inicializado com êxito.
[22/03/2022 20:06:51:708 BRT] 0000001f com.ibm.ws.ssl.config.WSKeyStore                             I Successfully loaded default keystore: /home/kauana/code/ex1/target/liberty/wlp/usr/servers/ex1/resources/security/public.jks of type: JKS
[22/03/2022 20:06:51:795 BRT] 00000027 com.ibm.ws.security.token.ltpa.internal.LTPAKeyCreateTask    I CWWKS4105I: A configuração de LTPA fica pronta após 0,157 segundos.
[22/03/2022 20:06:51:851 BRT] 00000016 ibm.ws.security.authentication.internal.jaas.JAASServiceImpl I CWWKS1123I: O plug-in de autenticação coletivo com o nome de classe NullCollectiveAuthenticationPlugin foi ativado. 
[22/03/2022 20:06:52:129 BRT] 0000001f com.ibm.ws.security.mp.jwt.impl.MicroProfileJwtServiceImpl   I CWWKS5500I: A configuração do MicroProfile JWT [MicroProfileJwtService] foi processada com sucesso.
[22/03/2022 20:06:52:137 BRT] 0000001f com.ibm.ws.security.mp.jwt.impl.MicroProfileJwtConfigImpl    I CWWKS5500I: A configuração do MicroProfile JWT [jwtUserConsumer] foi processada com sucesso.
[22/03/2022 20:06:52:138 BRT] 0000001f com.ibm.ws.security.mp.jwt.impl.MicroProfileJwtConfigImpl    I CWWKS5500I: A configuração do MicroProfile JWT [defaultMpJwt] foi processada com sucesso.
[22/03/2022 20:06:52:502 BRT] 00000016 com.ibm.ws.security.jwt.internal.ConsumerImpl                I CWWKS6012I: O serviço do consumidor JSON Web Token (JWT) está disponível.
[22/03/2022 20:06:52:588 BRT] 00000016 com.ibm.ws.security.jwt.web.JwtEndpointServices              I CWWKS6002I: O trabalho de terminal JSON Web Token (JWT) está disponível.
[22/03/2022 20:06:52:727 BRT] 00000016 com.ibm.ws.security.jaspi.AuthConfigFactoryWrapper           I CWWKS1655I: A classe AuthConfigFactory com.ibm.ws.security.jaspi.ProviderRegistry padrão do Java Authentication SPI for Containers (JASPIC) está sendo usada porque a propriedade de segurança Java authconfigprovider.factory não está configurada. 
[22/03/2022 20:06:53:638 BRT] 00000016 com.ibm.ws.session.WASSessionCore                            I SESN8501I: O gerenciador de sessões não localizou um local de armazenamento persistente; objetos HttpSession serão armazenados na memória do servidor de aplicativos local.
[22/03/2022 20:06:53:820 BRT] 00000016 .microprofile.metrics.internal.monitor.MonitorMetricsHandler I CWPMI2003I: Métricas de monitoramento podem ser recuperadas por meio do mpMetrics.
[22/03/2022 20:06:55:497 BRT] 00000028 com.ibm.ws.webcontainer.osgi.webapp.WebGroup                 I SRVE0169I: Carregando o Módulo da Web: PublicMicroProfileMetrics.
[22/03/2022 20:06:55:497 BRT] 00000027 com.ibm.ws.webcontainer.osgi.webapp.WebGroup                 I SRVE0169I: Carregando o Módulo da Web: com.ibm.ws.security.jwt.
[22/03/2022 20:06:55:507 BRT] 00000027 com.ibm.ws.webcontainer                                      I SRVE0250I: O Módulo da Web com.ibm.ws.security.jwt foi ligado ao default_host.
[22/03/2022 20:06:55:497 BRT] 0000002a com.ibm.ws.webcontainer.osgi.webapp.WebGroup                 I SRVE0169I: Carregando o Módulo da Web: ibm/api.
[22/03/2022 20:06:55:508 BRT] 0000002a com.ibm.ws.webcontainer                                      I SRVE0250I: O Módulo da Web ibm/api foi ligado ao default_host.
[22/03/2022 20:06:55:494 BRT] 00000025 com.ibm.ws.webcontainer.osgi.webapp.WebGroup                 I SRVE0169I: Carregando o Módulo da Web: OpenAPIUI.
[22/03/2022 20:06:55:495 BRT] 00000026 com.ibm.ws.webcontainer.osgi.webapp.WebGroup                 I SRVE0169I: Carregando o Módulo da Web: health.
[22/03/2022 20:06:55:509 BRT] 00000025 com.ibm.ws.webcontainer                                      I SRVE0250I: O Módulo da Web OpenAPIUI foi ligado ao default_host.
[22/03/2022 20:06:55:509 BRT] 00000026 com.ibm.ws.webcontainer                                      I SRVE0250I: O Módulo da Web health foi ligado ao default_host.
[22/03/2022 20:06:55:510 BRT] 00000027 com.ibm.ws.http.internal.VirtualHostImpl                     A CWWKT0016I: Aplicativo da Web disponível (default_host): http://localhost:9080/jwt/
[22/03/2022 20:06:55:524 BRT] 00000026 com.ibm.ws.http.internal.VirtualHostImpl                     A CWWKT0016I: Aplicativo da Web disponível (default_host): http://localhost:9080/health/
[22/03/2022 20:06:55:515 BRT] 00000028 com.ibm.ws.webcontainer                                      I SRVE0250I: O Módulo da Web PublicMicroProfileMetrics foi ligado ao default_host.
[22/03/2022 20:06:55:528 BRT] 00000025 com.ibm.ws.http.internal.VirtualHostImpl                     A CWWKT0016I: Aplicativo da Web disponível (default_host): http://localhost:9080/openapi/ui/
[22/03/2022 20:06:55:531 BRT] 0000002a com.ibm.ws.http.internal.VirtualHostImpl                     A CWWKT0016I: Aplicativo da Web disponível (default_host): http://localhost:9080/ibm/api/
[22/03/2022 20:06:55:540 BRT] 00000024 com.ibm.ws.webcontainer.osgi.webapp.WebGroup                 I SRVE0169I: Carregando o Módulo da Web: MicroProfileOpenAPI.
[22/03/2022 20:06:55:544 BRT] 00000024 com.ibm.ws.webcontainer                                      I SRVE0250I: O Módulo da Web MicroProfileOpenAPI foi ligado ao default_host.
[22/03/2022 20:06:55:545 BRT] 00000024 com.ibm.ws.http.internal.VirtualHostImpl                     A CWWKT0016I: Aplicativo da Web disponível (default_host): http://localhost:9080/openapi/
[22/03/2022 20:06:55:551 BRT] 00000028 com.ibm.ws.http.internal.VirtualHostImpl                     A CWWKT0016I: Aplicativo da Web disponível (default_host): http://localhost:9080/metrics/
[22/03/2022 20:06:55:633 BRT] 0000002a com.ibm.ws.app.manager.AppMessageHelper                      I CWWKZ0018I: Iniciando o aplicativo ex1.
[22/03/2022 20:06:55:637 BRT] 0000002a bm.ws.app.manager.war.internal.WARDeployedAppInfoFactoryImpl I CWWKZ0134I: O aplicativo ex1 está usando a definição de aplicativo indefinido no local /home/kauana/code/ex1/target/liberty/wlp/usr/servers/ex1/apps/ex1.war.xml.
[22/03/2022 20:06:55:829 BRT] 00000026 com.ibm.ws.session.WASSessionCore                            I SESN0176I: Um novo contexto de sessão será criado para a chave do aplicativo default_host/openapi
[22/03/2022 20:06:55:838 BRT] 00000024 com.ibm.ws.session.WASSessionCore                            I SESN0176I: Um novo contexto de sessão será criado para a chave do aplicativo default_host/ibm/api
[22/03/2022 20:06:55:838 BRT] 00000029 com.ibm.ws.session.WASSessionCore                            I SESN0176I: Um novo contexto de sessão será criado para a chave do aplicativo default_host/health
[22/03/2022 20:06:55:840 BRT] 00000028 com.ibm.ws.session.WASSessionCore                            I SESN0176I: Um novo contexto de sessão será criado para a chave do aplicativo default_host/jwt
[22/03/2022 20:06:55:840 BRT] 00000025 com.ibm.ws.session.WASSessionCore                            I SESN0176I: Um novo contexto de sessão será criado para a chave do aplicativo default_host/metrics
[22/03/2022 20:06:55:843 BRT] 00000027 com.ibm.ws.session.WASSessionCore                            I SESN0176I: Um novo contexto de sessão será criado para a chave do aplicativo default_host/openapi/ui
[22/03/2022 20:06:56:030 BRT] 00000026 com.ibm.ws.util                                              I SESN0172I: O gerenciador de sessões está usando a implementação SecureRandom padrão Java para geração do ID de sessão.
[22/03/2022 20:06:56:088 BRT] 00000027 com.ibm.ws.util                                              I SESN0172I: O gerenciador de sessões está usando a implementação SecureRandom padrão Java para geração do ID de sessão.
[22/03/2022 20:06:56:096 BRT] 00000025 com.ibm.ws.util                                              I SESN0172I: O gerenciador de sessões está usando a implementação SecureRandom padrão Java para geração do ID de sessão.
[22/03/2022 20:06:56:098 BRT] 00000028 com.ibm.ws.util                                              I SESN0172I: O gerenciador de sessões está usando a implementação SecureRandom padrão Java para geração do ID de sessão.
[22/03/2022 20:06:56:099 BRT] 00000029 com.ibm.ws.util                                              I SESN0172I: O gerenciador de sessões está usando a implementação SecureRandom padrão Java para geração do ID de sessão.
[22/03/2022 20:06:56:102 BRT] 00000024 com.ibm.ws.util                                              I SESN0172I: O gerenciador de sessões está usando a implementação SecureRandom padrão Java para geração do ID de sessão.
[22/03/2022 20:06:56:206 BRT] 00000027 com.ibm.ws.cache.CacheServiceImpl                            I DYNA1056I: Cache Dinâmico (cache de objeto) inicializado com êxito.
[22/03/2022 20:06:57:008 BRT] 00000025 com.ibm.ws.webcontainer.servlet                              I SRVE0242I: [io.openliberty.microprofile.metrics.internal.public] [/metrics] [PublicMetricsRESTProxyServlet]: Inicialização bem sucedida.
[22/03/2022 20:06:57:012 BRT] 00000026 com.ibm.ws.webcontainer.servlet                              I SRVE0242I: [io.openliberty.microprofile.openapi.2.0.internal] [/openapi] [ApplicationServlet]: Inicialização bem sucedida.
[22/03/2022 20:06:57:027 BRT] 00000029 com.ibm.ws.webcontainer.servlet                              I SRVE0242I: [io.openliberty.microprofile.health.3.0.internal] [/health] [HealthCheckReadinessServlet]: Inicialização bem sucedida.
[22/03/2022 20:06:57:034 BRT] 00000029 com.ibm.ws.webcontainer.servlet                              I SRVE0242I: [io.openliberty.microprofile.health.3.0.internal] [/health] [HealthCheckServlet]: Inicialização bem sucedida.
[22/03/2022 20:06:57:036 BRT] 00000029 com.ibm.ws.webcontainer.servlet                              I SRVE0242I: [io.openliberty.microprofile.health.3.0.internal] [/health] [HealthCheckLivenessServlet]: Inicialização bem sucedida.
[22/03/2022 20:06:57:895 BRT] 00000037 com.ibm.ws.webcontainer.osgi.mbeans.PluginGenerator          I SRVE9103I: Um arquivo de configuração para um plug-in de servidor da web foi automaticamente gerado para este servidor em /home/kauana/code/ex1/target/liberty/wlp/usr/servers/ex1/logs/state/plugin-cfg.xml.
[22/03/2022 20:07:00:563 BRT] 0000002a io.smallrye.openapi.runtime.scanner                          W SROAP04005: Could not find schema class in index: java.lang.Object
[22/03/2022 20:07:00:679 BRT] 0000002a liberty.microprofile.openapi20.internal.ApplicationProcessor I CWWKO1660I: O aplicativo ex1 foi processado e um documento OpenAPI foi produzido.
[22/03/2022 20:07:00:772 BRT] 0000002a org.jboss.weld.Version                                       I WELD-000900: 3.1.8 (Final)
[22/03/2022 20:07:05:218 BRT] 0000002a com.ibm.ws.webcontainer.osgi.webapp.WebGroup                 I SRVE0169I: Carregando o Módulo da Web: ex1.
[22/03/2022 20:07:05:219 BRT] 0000002a com.ibm.ws.webcontainer                                      I SRVE0250I: O Módulo da Web ex1 foi ligado ao default_host.
[22/03/2022 20:07:05:219 BRT] 0000002a com.ibm.ws.http.internal.VirtualHostImpl                     A CWWKT0016I: Aplicativo da Web disponível (default_host): http://localhost:9080/
[22/03/2022 20:07:05:228 BRT] 00000024 com.ibm.ws.session.WASSessionCore                            I SESN0176I: Um novo contexto de sessão será criado para a chave do aplicativo default_host/
[22/03/2022 20:07:05:229 BRT] 00000024 com.ibm.ws.util                                              I SESN0172I: O gerenciador de sessões está usando a implementação SecureRandom padrão Java para geração do ID de sessão.
[22/03/2022 20:07:05:323 BRT] 00000037 com.ibm.ws.webcontainer.osgi.mbeans.PluginGenerator          I SRVE9103I: Um arquivo de configuração para um plug-in de servidor da web foi automaticamente gerado para este servidor em /home/kauana/code/ex1/target/liberty/wlp/usr/servers/ex1/logs/state/plugin-cfg.xml.
[22/03/2022 20:07:05:354 BRT] 00000024 com.ibm.ws.app.manager.AppMessageHelper                      A CWWKZ0001I: O aplicativo ex1 foi iniciado em 9,713 segundos.
[22/03/2022 20:07:05:462 BRT] 00000023 com.ibm.ws.tcpchannel.internal.TCPPort                       I CWWKO0219I: O Canal TCP defaultHttpEndpoint foi iniciado e agora está atendendo solicitações no host localhost  (IPv4: 127.0.0.1) porta 9080.
[22/03/2022 20:07:05:475 BRT] 00000023 com.ibm.ws.tcpchannel.internal.TCPPort                       I CWWKO0219I: O Canal TCP defaultHttpEndpoint-ssl foi iniciado e agora está atendendo solicitações no host localhost  (IPv4: 127.0.0.1) porta 9443.
[22/03/2022 20:07:05:523 BRT] 00000023 com.ibm.ws.kernel.feature.internal.FeatureManager            A CWWKF0012I: O servidor instalou os recursos a seguir: [appSecurity-3.0, cdi-2.0, distributedMap-1.0, el-3.0, jaxrs-2.1, jaxrsClient-2.1, jndi-1.0, json-1.0, jsonb-1.0, jsonp-1.1, jwt-1.0, microProfile-4.0, monitor-1.0, mpConfig-2.0, mpFaultTolerance-3.0, mpHealth-3.0, mpJwt-1.2, mpMetrics-3.0, mpOpenAPI-2.0, mpOpenTracing-2.0, mpRestClient-2.0, opentracing-2.0, servlet-4.0, ssl-1.0].
[22/03/2022 20:07:05:524 BRT] 00000023 com.ibm.ws.kernel.feature.internal.FeatureManager            I CWWKF0008I: Atualização do recurso concluída em 18,143 segundos.
[22/03/2022 20:07:05:525 BRT] 00000023 com.ibm.ws.kernel.feature.internal.FeatureManager            A CWWKF0011I: O servidor ex1 está pronto para gerenciar um planeta mais inteligente. O servidor ex1 foi iniciado em 22,079 segundos.
[22/03/2022 20:07:08:781 BRT] 00000037 com.ibm.ws.http.internal.VirtualHostImpl                     A CWWKT0017I: Aplicativo da Web removido (default_host): http://localhost:9080/
[22/03/2022 20:07:08:856 BRT] 00000037 com.ibm.ws.app.manager.AppMessageHelper                      A CWWKZ0009I: O aplicativo ex1 foi interrompido com sucesso.
[22/03/2022 20:07:08:877 BRT] 00000037 com.ibm.ws.app.manager.AppMessageHelper                      I CWWKZ0018I: Iniciando o aplicativo ex1.
[22/03/2022 20:07:08:881 BRT] 00000037 bm.ws.app.manager.war.internal.WARDeployedAppInfoFactoryImpl I CWWKZ0134I: O aplicativo ex1 está usando a definição de aplicativo indefinido no local /home/kauana/code/ex1/target/liberty/wlp/usr/servers/ex1/apps/ex1.war.xml.
[22/03/2022 20:07:08:937 BRT] 0000002a com.ibm.ws.webcontainer.osgi.mbeans.PluginGenerator          I SRVE9103I: Um arquivo de configuração para um plug-in de servidor da web foi automaticamente gerado para este servidor em /home/kauana/code/ex1/target/liberty/wlp/usr/servers/ex1/logs/state/plugin-cfg.xml.
[22/03/2022 20:07:10:483 BRT] 00000037 io.smallrye.openapi.runtime.scanner                          W SROAP04005: Could not find schema class in index: java.lang.Object
[22/03/2022 20:07:10:491 BRT] 00000037 liberty.microprofile.openapi20.internal.ApplicationProcessor I CWWKO1660I: O aplicativo ex1 foi processado e um documento OpenAPI foi produzido.
[22/03/2022 20:07:11:964 BRT] 00000037 com.ibm.ws.webcontainer.osgi.webapp.WebGroup                 I SRVE0169I: Carregando o Módulo da Web: ex1.
[22/03/2022 20:07:11:965 BRT] 00000037 com.ibm.ws.webcontainer                                      I SRVE0250I: O Módulo da Web ex1 foi ligado ao default_host.
[22/03/2022 20:07:11:965 BRT] 00000037 com.ibm.ws.http.internal.VirtualHostImpl                     A CWWKT0016I: Aplicativo da Web disponível (default_host): http://localhost:9080/
[22/03/2022 20:07:11:976 BRT] 00000025 com.ibm.ws.session.WASSessionCore                            I SESN0176I: Um novo contexto de sessão será criado para a chave do aplicativo default_host/
[22/03/2022 20:07:11:976 BRT] 00000025 com.ibm.ws.util                                              I SESN0172I: O gerenciador de sessões está usando a implementação SecureRandom padrão Java para geração do ID de sessão.
[22/03/2022 20:07:12:006 BRT] 00000025 com.ibm.ws.app.manager.AppMessageHelper                      A CWWKZ0003I: O aplicativo ex1 foi atualizado em 3,128 segundos.
[22/03/2022 20:07:12:053 BRT] 00000024 com.ibm.ws.webcontainer.osgi.mbeans.PluginGenerator          I SRVE9103I: Um arquivo de configuração para um plug-in de servidor da web foi automaticamente gerado para este servidor em /home/kauana/code/ex1/target/liberty/wlp/usr/servers/ex1/logs/state/plugin-cfg.xml.
[22/03/2022 20:07:22:447 BRT] 00000039 .apache.cxf.cxf.core.3.2:1.0.62.cl220320220302-1100(id=103)] I Setting the server's publish address to be /kau/
[22/03/2022 20:07:22:654 BRT] 00000039 com.ibm.ws.webcontainer.servlet                              I SRVE0242I: [ex1] [/] [com.example.ex1.Service]: Inicialização bem sucedida.
[22/03/2022 20:07:23:284 BRT] 00000039 io.jaegertracing.Configuration                               I Initialized tracer=JaegerTracer(version=Java-1.5.0, serviceName=ex1, reporter=RemoteReporter(sender=UdpSender(host=localhost, port=6831), closeEnqueueTimeout=1000), sampler=RemoteControlledSampler(maxOperations=2000, manager=HttpSamplingManager(hostPort=localhost:5778), sampler=ProbabilisticSampler(tags={sampler.type=probabilistic, sampler.param=0.001})), tags={hostname=kauana-340XAA-350XAA-550XAA, jaeger.version=Java-1.5.0, ip=127.0.1.1}, zipkinSharedRpcSpan=false, expandExceptionLogs=false, useTraceId128Bit=false)
[22/03/2022 20:07:23:285 BRT] 00000039 m.ibm.ws.microprofile.opentracing.jaeger.JaegerTracerFactory I CWMOT1001I: Uma instância de JaegerTracer foi criada para o aplicativo ex1. As informações de rastreio são enviadas para localhost:6831.
[22/03/2022 20:07:23:504 BRT] 00000039 org.apache.cxf.jaxrs.utils.JAXRSUtils                        E No message body writer has been found for class java.lang.Double, ContentType: application/x-www-form-urlencoded
[22/03/2022 20:07:34:715 BRT] 00000025 org.apache.cxf.jaxrs.utils.JAXRSUtils                        E No message body writer has been found for class java.lang.Double, ContentType: application/x-www-form-urlencoded
[22/03/2022 20:07:36:038 BRT] 00000027 org.apache.cxf.jaxrs.utils.JAXRSUtils                        E No message body writer has been found for class java.lang.Double, ContentType: application/x-www-form-urlencoded
[22/03/2022 20:08:09:213 BRT] 00000039 org.apache.cxf.jaxrs.utils.JAXRSUtils                        E No message body writer has been found for class java.lang.Double, ContentType: application/x-www-form-urlencoded
[22/03/2022 20:08:16:591 BRT] 00000025 org.apache.cxf.jaxrs.utils.JAXRSUtils                        E No message body writer has been found for class java.lang.Double, ContentType: application/x-www-form-urlencoded
[22/03/2022 20:08:48:130 BRT] 00000039 org.apache.cxf.jaxrs.utils.JAXRSUtils                        E No message body writer has been found for class java.lang.Double, ContentType: application/x-www-form-urlencoded
[22/03/2022 20:09:34:354 BRT] 00000024 com.ibm.ws.http.internal.VirtualHostImpl                     A CWWKT0017I: Aplicativo da Web removido (default_host): http://localhost:9080/
[22/03/2022 20:09:34:375 BRT] 00000024 com.ibm.ws.webcontainer.servlet                              I SRVE0253I: [ex1] [/] [com.example.ex1.Service]: Destruição bem sucedida.
[22/03/2022 20:09:34:455 BRT] 00000024 com.ibm.ws.app.manager.AppMessageHelper                      A CWWKZ0009I: O aplicativo ex1 foi interrompido com sucesso.
[22/03/2022 20:09:34:487 BRT] 00000029 com.ibm.ws.webcontainer.osgi.mbeans.PluginGenerator          I SRVE9103I: Um arquivo de configuração para um plug-in de servidor da web foi automaticamente gerado para este servidor em /home/kauana/code/ex1/target/liberty/wlp/usr/servers/ex1/logs/state/plugin-cfg.xml.
[22/03/2022 20:09:34:512 BRT] 00000024 com.ibm.ws.app.manager.AppMessageHelper                      I CWWKZ0018I: Iniciando o aplicativo ex1.
[22/03/2022 20:09:34:513 BRT] 00000024 bm.ws.app.manager.war.internal.WARDeployedAppInfoFactoryImpl I CWWKZ0134I: O aplicativo ex1 está usando a definição de aplicativo indefinido no local /home/kauana/code/ex1/target/liberty/wlp/usr/servers/ex1/apps/ex1.war.xml.
[22/03/2022 20:09:37:302 BRT] 00000024 io.smallrye.openapi.runtime.scanner                          W SROAP04005: Could not find schema class in index: java.lang.Object
[22/03/2022 20:09:37:315 BRT] 00000024 liberty.microprofile.openapi20.internal.ApplicationProcessor I CWWKO1660I: O aplicativo ex1 foi processado e um documento OpenAPI foi produzido.
[22/03/2022 20:09:38:881 BRT] 00000024 com.ibm.ws.webcontainer.osgi.webapp.WebGroup                 I SRVE0169I: Carregando o Módulo da Web: ex1.
[22/03/2022 20:09:38:882 BRT] 00000024 com.ibm.ws.webcontainer                                      I SRVE0250I: O Módulo da Web ex1 foi ligado ao default_host.
[22/03/2022 20:09:38:883 BRT] 00000024 com.ibm.ws.http.internal.VirtualHostImpl                     A CWWKT0016I: Aplicativo da Web disponível (default_host): http://localhost:9080/
[22/03/2022 20:09:38:897 BRT] 00000027 com.ibm.ws.session.WASSessionCore                            I SESN0176I: Um novo contexto de sessão será criado para a chave do aplicativo default_host/
[22/03/2022 20:09:38:898 BRT] 00000027 com.ibm.ws.util                                              I SESN0172I: O gerenciador de sessões está usando a implementação SecureRandom padrão Java para geração do ID de sessão.
[22/03/2022 20:09:38:933 BRT] 00000027 com.ibm.ws.app.manager.AppMessageHelper                      A CWWKZ0003I: O aplicativo ex1 foi atualizado em 4,420 segundos.
[22/03/2022 20:09:38:983 BRT] 00000029 com.ibm.ws.webcontainer.osgi.mbeans.PluginGenerator          I SRVE9103I: Um arquivo de configuração para um plug-in de servidor da web foi automaticamente gerado para este servidor em /home/kauana/code/ex1/target/liberty/wlp/usr/servers/ex1/logs/state/plugin-cfg.xml.
[22/03/2022 20:09:48:807 BRT] 00000024 .apache.cxf.cxf.core.3.2:1.0.62.cl220320220302-1100(id=103)] I Setting the server's publish address to be /kau/
[22/03/2022 20:09:48:820 BRT] 00000024 com.ibm.ws.webcontainer.servlet                              I SRVE0242I: [ex1] [/] [com.example.ex1.Service]: Inicialização bem sucedida.
[22/03/2022 20:09:49:219 BRT] 00000024 io.jaegertracing.Configuration                               I Initialized tracer=JaegerTracer(version=Java-1.5.0, serviceName=ex1, reporter=RemoteReporter(sender=UdpSender(host=localhost, port=6831), closeEnqueueTimeout=1000), sampler=RemoteControlledSampler(maxOperations=2000, manager=HttpSamplingManager(hostPort=localhost:5778), sampler=ProbabilisticSampler(tags={sampler.type=probabilistic, sampler.param=0.001})), tags={hostname=kauana-340XAA-350XAA-550XAA, jaeger.version=Java-1.5.0, ip=127.0.1.1}, zipkinSharedRpcSpan=false, expandExceptionLogs=false, useTraceId128Bit=false)
[22/03/2022 20:09:49:220 BRT] 00000024 m.ibm.ws.microprofile.opentracing.jaeger.JaegerTracerFactory I CWMOT1001I: Uma instância de JaegerTracer foi criada para o aplicativo ex1. As informações de rastreio são enviadas para localhost:6831.
[22/03/2022 20:09:49:249 BRT] 00000024 org.apache.cxf.jaxrs.utils.JAXRSUtils                        E No message body writer has been found for class java.lang.Double, ContentType: application/x-www-form-urlencoded
[22/03/2022 20:09:55:141 BRT] 00000037 org.apache.cxf.jaxrs.utils.JAXRSUtils                        E No message body writer has been found for class java.lang.Double, ContentType: application/x-www-form-urlencoded
[22/03/2022 20:10:06:698 BRT] 00000039 com.ibm.ws.http.internal.VirtualHostImpl                     A CWWKT0017I: Aplicativo da Web removido (default_host): http://localhost:9080/
[22/03/2022 20:10:06:706 BRT] 00000039 com.ibm.ws.webcontainer.servlet                              I SRVE0253I: [ex1] [/] [com.example.ex1.Service]: Destruição bem sucedida.
[22/03/2022 20:10:06:740 BRT] 00000039 com.ibm.ws.app.manager.AppMessageHelper                      A CWWKZ0009I: O aplicativo ex1 foi interrompido com sucesso.
[22/03/2022 20:10:06:747 BRT] 00000039 com.ibm.ws.app.manager.AppMessageHelper                      I CWWKZ0018I: Iniciando o aplicativo ex1.
[22/03/2022 20:10:06:751 BRT] 00000039 bm.ws.app.manager.war.internal.WARDeployedAppInfoFactoryImpl I CWWKZ0134I: O aplicativo ex1 está usando a definição de aplicativo indefinido no local /home/kauana/code/ex1/target/liberty/wlp/usr/servers/ex1/apps/ex1.war.xml.
[22/03/2022 20:10:06:803 BRT] 00000025 com.ibm.ws.webcontainer.osgi.mbeans.PluginGenerator          I SRVE9103I: Um arquivo de configuração para um plug-in de servidor da web foi automaticamente gerado para este servidor em /home/kauana/code/ex1/target/liberty/wlp/usr/servers/ex1/logs/state/plugin-cfg.xml.
[22/03/2022 20:10:08:354 BRT] 00000039 io.smallrye.openapi.runtime.scanner                          W SROAP04005: Could not find schema class in index: java.lang.Object
[22/03/2022 20:10:08:364 BRT] 00000039 liberty.microprofile.openapi20.internal.ApplicationProcessor I CWWKO1660I: O aplicativo ex1 foi processado e um documento OpenAPI foi produzido.
[22/03/2022 20:10:09:730 BRT] 00000039 com.ibm.ws.webcontainer.osgi.webapp.WebGroup                 I SRVE0169I: Carregando o Módulo da Web: ex1.
[22/03/2022 20:10:09:731 BRT] 00000039 com.ibm.ws.webcontainer                                      I SRVE0250I: O Módulo da Web ex1 foi ligado ao default_host.
[22/03/2022 20:10:09:732 BRT] 00000039 com.ibm.ws.http.internal.VirtualHostImpl                     A CWWKT0016I: Aplicativo da Web disponível (default_host): http://localhost:9080/
[22/03/2022 20:10:09:748 BRT] 00000037 com.ibm.ws.session.WASSessionCore                            I SESN0176I: Um novo contexto de sessão será criado para a chave do aplicativo default_host/
[22/03/2022 20:10:09:749 BRT] 00000037 com.ibm.ws.util                                              I SESN0172I: O gerenciador de sessões está usando a implementação SecureRandom padrão Java para geração do ID de sessão.
[22/03/2022 20:10:09:780 BRT] 00000037 com.ibm.ws.app.manager.AppMessageHelper                      A CWWKZ0003I: O aplicativo ex1 foi atualizado em 3,032 segundos.
[22/03/2022 20:10:09:813 BRT] 00000039 com.ibm.ws.webcontainer.osgi.mbeans.PluginGenerator          I SRVE9103I: Um arquivo de configuração para um plug-in de servidor da web foi automaticamente gerado para este servidor em /home/kauana/code/ex1/target/liberty/wlp/usr/servers/ex1/logs/state/plugin-cfg.xml.
[22/03/2022 20:10:51:544 BRT] 00000012 com.ibm.ws.kernel.launch.internal.FrameworkManager           A CWWKE0085I: O servidor ex1 está parando porque a JVM está saindo.
[22/03/2022 20:10:51:565 BRT] 00000053 com.ibm.ws.runtime.update.internal.RuntimeUpdateManagerImpl  A CWWKE1100I: Aguardando até 30 segundos para o servidor ser colocado em modo quiesce.
[22/03/2022 20:10:51:581 BRT] 00000023 com.ibm.ws.tcpchannel.internal.TCPChannel                    I CWWKO0220I: O Canal TCP defaultHttpEndpoint interrompeu o atendimento das solicitações no host localhost  (IPv4: 127.0.0.1) porta 9080.
[22/03/2022 20:10:51:585 BRT] 00000024 com.ibm.ws.tcpchannel.internal.TCPChannel                    I CWWKO0220I: O Canal TCP defaultHttpEndpoint-ssl interrompeu o atendimento das solicitações no host localhost  (IPv4: 127.0.0.1) porta 9443.
[22/03/2022 20:10:51:585 BRT] 00000024 com.ibm.ws.http.internal.VirtualHostImpl                     A CWWKT0017I: Aplicativo da Web removido (default_host): https://localhost:9443/jwt/
[22/03/2022 20:10:51:586 BRT] 00000024 com.ibm.ws.http.internal.VirtualHostImpl                     A CWWKT0017I: Aplicativo da Web removido (default_host): https://localhost:9443/openapi/ui/
[22/03/2022 20:10:51:586 BRT] 00000024 com.ibm.ws.http.internal.VirtualHostImpl                     A CWWKT0017I: Aplicativo da Web removido (default_host): https://localhost:9443/health/
[22/03/2022 20:10:51:586 BRT] 00000024 com.ibm.ws.http.internal.VirtualHostImpl                     A CWWKT0017I: Aplicativo da Web removido (default_host): https://localhost:9443/metrics/
[22/03/2022 20:10:51:586 BRT] 00000024 com.ibm.ws.http.internal.VirtualHostImpl                     A CWWKT0017I: Aplicativo da Web removido (default_host): https://localhost:9443/
[22/03/2022 20:10:51:587 BRT] 00000024 com.ibm.ws.http.internal.VirtualHostImpl                     A CWWKT0017I: Aplicativo da Web removido (default_host): https://localhost:9443/ibm/api/
[22/03/2022 20:10:51:587 BRT] 00000024 com.ibm.ws.http.internal.VirtualHostImpl                     A CWWKT0017I: Aplicativo da Web removido (default_host): https://localhost:9443/openapi/
[22/03/2022 20:10:52:261 BRT] 00000013 com.ibm.ws.kernel.launch.internal.ServerCommandListener      A CWWKE0055I: Encerramento do servidor solicitado em terça-feira, 22 de março de 2022 às 20:10. O servidor ex1 está sendo encerrado.
[22/03/2022 20:10:52:593 BRT] 00000053 com.ibm.ws.runtime.update.internal.RuntimeUpdateManagerImpl  I CWWKE1101I: Colocação em modo quiesce do servidor concluída.
[22/03/2022 20:10:52:682 BRT] 00000039 com.ibm.ws.app.manager.AppMessageHelper                      A CWWKZ0009I: O aplicativo ex1 foi interrompido com sucesso.
[22/03/2022 20:10:53:801 BRT] 00000053 rty.security.mp.jwt.v12.config.impl.MpConfigProxyServiceImpl I CWWKS5782I: O MicroProfile JWT versão 1.2 mpConfigProxy foi desativado com sucesso.
[22/03/2022 20:10:53:810 BRT] 00000053 .ws.security.mp.jwt.v11.config.impl.MpConfigProxyServiceImpl I CWWKS5777I: O mpConfigProxy do MicroProfile JWT versão 1.1 foi desativado com sucesso.
[22/03/2022 20:10:53:820 BRT] 00000053 com.ibm.ws.security.mp.jwt.impl.MicroProfileJwtConfigImpl    I CWWKS5502I: A configuração do MicroProfile JWT [jwtUserConsumer] foi desativada com sucesso.
[22/03/2022 20:10:53:822 BRT] 00000053 com.ibm.ws.security.mp.jwt.impl.MicroProfileJwtConfigImpl    I CWWKS5502I: A configuração do MicroProfile JWT [defaultMpJwt] foi desativada com sucesso.
[22/03/2022 20:10:53:823 BRT] 00000053 com.ibm.ws.security.mp.jwt.impl.MicroProfileJwtServiceImpl   I CWWKS5502I: A configuração do MicroProfile JWT [MicroProfileJwtService] foi desativada com sucesso.
[22/03/2022 20:10:54:003 BRT] 00000053 .microprofile.metrics.internal.monitor.MonitorMetricsHandler I CWPMI2004I: Todas as métricas de monitoramento tiveram seu registro cancelado do mpMetrics.
[22/03/2022 20:10:54:721 BRT] 00000053 ibm.ws.security.authentication.internal.jaas.JAASServiceImpl I CWWKS1124I: O plug-in de autenticação coletivo com o nome de classe NullCollectiveAuthenticationPlugin foi desativado. 
[22/03/2022 20:10:54:741 BRT] 00000053 com.ibm.ws.security.ready.internal.SecurityReadyServiceImpl  I CWWKS0009I: O serviço de segurança parou.
[22/03/2022 20:10:56:559 BRT] 00000001 com.ibm.ws.kernel.launch.internal.FrameworkManager           A CWWKE0036I: O servidor ex1 foi interrompido depois de 4 minutos, 13,112 segundos.
